Using pre-set license
Built from '2020.3/staging' branch; Version is '2020.3.3f1 (76626098c1c4) revision 7758432'; Using compiler version '192528614'; Build Type 'Release'
OS: 'Windows 10 Pro; OS build 19042.985; Version 2009; 64bit' Language: 'ko' Physical Memory: 16315 MB
BatchMode: 1, IsHumanControllingUs: 0, StartBugReporterOnCrash: 0, Is64bit: 1, IsPro: 0

 COMMAND LINE ARGUMENTS:
C:\Program Files\Unity\Hub\Editor\2020.3.3f1\Editor\Unity.exe
-adb2
-batchMode
-noUpm
-name
AssetImportWorker0
-projectPath
C:/Users/DMC CONET/Downloads/Villian.ver6 (1)
-logFile
Logs/AssetImportWorker0.log
-srvPort
49980
Successfully changed project path to: C:/Users/DMC CONET/Downloads/Villian.ver6 (1)
C:/Users/DMC CONET/Downloads/Villian.ver6 (1)
Using Asset Import Pipeline V2.
Refreshing native plugins compatible for Editor in 50.11 ms, found 3 plugins.
Preloading 1 native plugins for Editor in 0.64 ms.
Initialize engine version: 2020.3.3f1 (76626098c1c4)
[Subsystems] Discovering subsystems at path C:/Program Files/Unity/Hub/Editor/2020.3.3f1/Editor/Data/Resources/UnitySubsystems
[Subsystems] Discovering subsystems at path C:/Users/DMC CONET/Downloads/Villian.ver6 (1)/Assets
GfxDevice: creating device client; threaded=0
Direct3D:
    Version:  Direct3D 11.0 [level 11.1]
    Renderer: NVIDIA GeForce GTX 1660 SUPER (ID=0x21c4)
    Vendor:   
    VRAM:     5991 MB
    Driver:   27.21.14.5751
Initialize mono
Mono path[0] = 'C:/Program Files/Unity/Hub/Editor/2020.3.3f1/Editor/Data/Managed'
Mono path[1] = 'C:/Program Files/Unity/Hub/Editor/2020.3.3f1/Editor/Data/MonoBleedingEdge/lib/mono/unityjit'
Mono config path = 'C:/Program Files/Unity/Hub/Editor/2020.3.3f1/Editor/Data/MonoBleedingEdge/etc'
Using monoOptions --debugger-agent=transport=dt_socket,embedding=1,server=y,suspend=n,address=127.0.0.1:56584
Begin MonoManager ReloadAssembly
Registering precompiled unity dll's ...
Register platform support module: C:/Program Files/Unity/Hub/Editor/2020.3.3f1/Editor/Data/PlaybackEngines/WebGLSupport/UnityEditor.WebGL.Extensions.dll
Register platform support module: C:/Program Files/Unity/Hub/Editor/2020.3.3f1/Editor/Data/PlaybackEngines/WindowsStandaloneSupport/UnityEditor.WindowsStandalone.Extensions.dll
Registered in 0.001871 seconds.
Native extension for WindowsStandalone target not found
Native extension for WebGL target not found
Refreshing native plugins compatible for Editor in 44.20 ms, found 3 plugins.
Preloading 1 native plugins for Editor in 0.08 ms.
Invoked RoslynAnalysisRunner static constructor.
RoslynAnalysisRunner will not be running.
RoslynAnalysisRunner has terminated.
Mono: successfully reloaded assembly
- Completed reload, in  1.553 seconds
Platform modules already initialized, skipping
Registering precompiled user dll's ...
Registered in 0.001718 seconds.
Begin MonoManager ReloadAssembly
Native extension for WindowsStandalone target not found
Native extension for WebGL target not found
Refreshing native plugins compatible for Editor in 43.09 ms, found 3 plugins.
Preloading 1 native plugins for Editor in 0.10 ms.
Invoked RoslynAnalysisRunner static constructor.
RoslynAnalysisRunner will not be running.
RoslynAnalysisRunner has terminated.
[XR] OculusXRPlugin: registering subsystems
[XR] Unable to register display lifecyle provider: [1]
[XR] Oculus Input lifecycle provider registered.
[XR] Unable to register input lifecyle provider: [1]
NullReferenceException: Object reference not set to an instance of an object
  at Unity.XR.Oculus.OculusLoader.AssetPathToAbsolutePath (System.String assetPath) [0x00048] in C:\Users\DMC CONET\Downloads\Villian.ver6\Library\PackageCache\com.unity.xr.oculus@1.8.1\Runtime\OculusLoader.cs:243 
  at Unity.XR.Oculus.OculusLoader.EditorLoadOVRPlugin () [0x0007b] in C:\Users\DMC CONET\Downloads\Villian.ver6\Library\PackageCache\com.unity.xr.oculus@1.8.1\Runtime\OculusLoader.cs:228 

(Filename: C:/Users/DMC CONET/Downloads/Villian.ver6/Library/PackageCache/com.unity.xr.oculus@1.8.1/Runtime/OculusLoader.cs Line: 243)

Mono: successfully reloaded assembly
- Completed reload, in  0.911 seconds
Platform modules already initialized, skipping
========================================================================
Worker process is ready to serve import requests
Launched and connected shader compiler UnityShaderCompiler.exe after 0.03 seconds
Refreshing native plugins compatible for Editor in 0.48 ms, found 3 plugins.
Preloading 1 native plugins for Editor in 0.07 ms.
Unloading 1671 Unused Serialized files (Serialized files now loaded: 0)
System memory in use before: 165.2 MB.
System memory in use after: 165.2 MB.

Unloading 13 unused Assets to reduce memory usage. Loaded Objects now: 2154.
Total: 1.985500 ms (FindLiveObjects: 0.221000 ms CreateObjectMapping: 0.079200 ms MarkObjects: 1.597500 ms  DeleteObjects: 0.086700 ms)

========================================================================
Received Import Request.
  path: Assets/Script/Audio.cs
  artifactKey: Guid(3c507bc39265e3140b0043d5fe34ab22) Importer(815301076,1909f56bfc062723c751e8b465ee728b)
Start importing Assets/Script/Audio.cs using Guid(3c507bc39265e3140b0043d5fe34ab22) Importer(815301076,1909f56bfc062723c751e8b465ee728b)  -> (artifact id: 'c1786875b0dff4f63cdbac8aed98af16') in 0.055739 seconds
  Import took 0.058328 seconds .

========================================================================
Received Prepare
Refreshing native plugins compatible for Editor in 0.98 ms, found 3 plugins.
Preloading 1 native plugins for Editor in 0.06 ms.
Unloading 3 Unused Serialized files (Serialized files now loaded: 0)
System memory in use before: 131.7 MB.
System memory in use after: 131.8 MB.

Unloading 3 unused Assets to reduce memory usage. Loaded Objects now: 2154.
Total: 1.976700 ms (FindLiveObjects: 0.202400 ms CreateObjectMapping: 0.069500 ms MarkObjects: 1.637200 ms  DeleteObjects: 0.066700 ms)

========================================================================
Received Import Request.
  Time since last request: 18.987580 seconds.
  path: Assets/Script/Audio.cs
  artifactKey: Guid(3c507bc39265e3140b0043d5fe34ab22) Importer(815301076,1909f56bfc062723c751e8b465ee728b)
Start importing Assets/Script/Audio.cs using Guid(3c507bc39265e3140b0043d5fe34ab22) Importer(815301076,1909f56bfc062723c751e8b465ee728b)  -> (artifact id: '533fc2c4374fdf9db53089306c5d0f1f') in 0.001822 seconds
  Import took 0.004386 seconds .

========================================================================
Received Prepare
Registering precompiled user dll's ...
Registered in 0.002658 seconds.
Begin MonoManager ReloadAssembly
Native extension for WindowsStandalone target not found
Native extension for WebGL target not found
Refreshing native plugins compatible for Editor in 0.53 ms, found 3 plugins.
Preloading 1 native plugins for Editor in 0.08 ms.
Invoked RoslynAnalysisRunner static constructor.
RoslynAnalysisRunner will not be running.
RoslynAnalysisRunner has terminated.
NullReferenceException: Object reference not set to an instance of an object
  at Unity.XR.Oculus.OculusLoader.AssetPathToAbsolutePath (System.String assetPath) [0x00048] in C:\Users\DMC CONET\Downloads\Villian.ver6\Library\PackageCache\com.unity.xr.oculus@1.8.1\Runtime\OculusLoader.cs:243 
  at Unity.XR.Oculus.OculusLoader.EditorLoadOVRPlugin () [0x0007b] in C:\Users\DMC CONET\Downloads\Villian.ver6\Library\PackageCache\com.unity.xr.oculus@1.8.1\Runtime\OculusLoader.cs:228 

(Filename: C:/Users/DMC CONET/Downloads/Villian.ver6/Library/PackageCache/com.unity.xr.oculus@1.8.1/Runtime/OculusLoader.cs Line: 243)

Mono: successfully reloaded assembly
- Completed reload, in  0.803 seconds
Platform modules already initialized, skipping
Switching build target platform(5) subTarget(0) extendedPlatform(0) -> platform(13) subTarget(524288) extendedPlatform(0)
Refreshing native plugins compatible for Editor in 0.54 ms, found 3 plugins.
Preloading 1 native plugins for Editor in 0.07 ms.
Unloading 1653 Unused Serialized files (Serialized files now loaded: 0)
System memory in use before: 163.1 MB.
System memory in use after: 163.2 MB.

Unloading 6 unused Assets to reduce memory usage. Loaded Objects now: 2158.
Total: 1.919300 ms (FindLiveObjects: 0.162200 ms CreateObjectMapping: 0.049700 ms MarkObjects: 1.656200 ms  DeleteObjects: 0.050300 ms)

AssetImportParameters requested are different than current active one (requested -> active):
  custom:graphics/normal-map-encoding: 01000000000000000000000000000000 -> 02000000000000000000000000000000
========================================================================
Received Import Request.
  Time since last request: 16.775671 seconds.
  path: Assets/Script/Audio_A.cs
  artifactKey: Guid(3c507bc39265e3140b0043d5fe34ab22) Importer(815301076,1909f56bfc062723c751e8b465ee728b)
Start importing Assets/Script/Audio_A.cs using Guid(3c507bc39265e3140b0043d5fe34ab22) Importer(815301076,1909f56bfc062723c751e8b465ee728b)  -> (artifact id: '60fee3ce95eb64aacd95377136342573') in 0.008556 seconds
  Import took 0.011425 seconds .

========================================================================
Received Prepare
Registering precompiled user dll's ...
Registered in 0.001569 seconds.
Begin MonoManager ReloadAssembly
Native extension for WindowsStandalone target not found
Native extension for WebGL target not found
Refreshing native plugins compatible for Editor in 0.51 ms, found 3 plugins.
Preloading 1 native plugins for Editor in 0.08 ms.
Invoked RoslynAnalysisRunner static constructor.
RoslynAnalysisRunner will not be running.
RoslynAnalysisRunner has terminated.
NullReferenceException: Object reference not set to an instance of an object
  at Unity.XR.Oculus.OculusLoader.AssetPathToAbsolutePath (System.String assetPath) [0x00048] in C:\Users\DMC CONET\Downloads\Villian.ver6\Library\PackageCache\com.unity.xr.oculus@1.8.1\Runtime\OculusLoader.cs:243 
  at Unity.XR.Oculus.OculusLoader.EditorLoadOVRPlugin () [0x0007b] in C:\Users\DMC CONET\Downloads\Villian.ver6\Library\PackageCache\com.unity.xr.oculus@1.8.1\Runtime\OculusLoader.cs:228 

(Filename: C:/Users/DMC CONET/Downloads/Villian.ver6/Library/PackageCache/com.unity.xr.oculus@1.8.1/Runtime/OculusLoader.cs Line: 243)

Mono: successfully reloaded assembly
- Completed reload, in  0.796 seconds
Platform modules already initialized, skipping
Switching build target platform(5) subTarget(0) extendedPlatform(0) -> platform(13) subTarget(524288) extendedPlatform(0)
Refreshing native plugins compatible for Editor in 0.51 ms, found 3 plugins.
Preloading 1 native plugins for Editor in 0.07 ms.
Unloading 1653 Unused Serialized files (Serialized files now loaded: 0)
System memory in use before: 163.1 MB.
System memory in use after: 163.2 MB.

Unloading 6 unused Assets to reduce memory usage. Loaded Objects now: 2162.
Total: 1.797500 ms (FindLiveObjects: 0.169700 ms CreateObjectMapping: 0.050300 ms MarkObjects: 1.479000 ms  DeleteObjects: 0.097800 ms)

AssetImportParameters requested are different than current active one (requested -> active):
  custom:graphics/normal-map-encoding: 01000000000000000000000000000000 -> 02000000000000000000000000000000
========================================================================
Received Prepare
Registering precompiled user dll's ...
Registered in 0.001622 seconds.
Begin MonoManager ReloadAssembly
Native extension for WindowsStandalone target not found
Native extension for WebGL target not found
Refreshing native plugins compatible for Editor in 0.50 ms, found 3 plugins.
Preloading 1 native plugins for Editor in 0.07 ms.
Invoked RoslynAnalysisRunner static constructor.
RoslynAnalysisRunner will not be running.
RoslynAnalysisRunner has terminated.
NullReferenceException: Object reference not set to an instance of an object
  at Unity.XR.Oculus.OculusLoader.AssetPathToAbsolutePath (System.String assetPath) [0x00048] in C:\Users\DMC CONET\Downloads\Villian.ver6\Library\PackageCache\com.unity.xr.oculus@1.8.1\Runtime\OculusLoader.cs:243 
  at Unity.XR.Oculus.OculusLoader.EditorLoadOVRPlugin () [0x0007b] in C:\Users\DMC CONET\Downloads\Villian.ver6\Library\PackageCache\com.unity.xr.oculus@1.8.1\Runtime\OculusLoader.cs:228 

(Filename: C:/Users/DMC CONET/Downloads/Villian.ver6/Library/PackageCache/com.unity.xr.oculus@1.8.1/Runtime/OculusLoader.cs Line: 243)

Mono: successfully reloaded assembly
- Completed reload, in  0.811 seconds
Platform modules already initialized, skipping
Switching build target platform(5) subTarget(0) extendedPlatform(0) -> platform(13) subTarget(524288) extendedPlatform(0)
Refreshing native plugins compatible for Editor in 0.59 ms, found 3 plugins.
Preloading 1 native plugins for Editor in 0.07 ms.
Unloading 1653 Unused Serialized files (Serialized files now loaded: 0)
System memory in use before: 163.1 MB.
System memory in use after: 163.2 MB.

Unloading 6 unused Assets to reduce memory usage. Loaded Objects now: 2166.
Total: 2.008900 ms (FindLiveObjects: 0.240500 ms CreateObjectMapping: 0.063000 ms MarkObjects: 1.635300 ms  DeleteObjects: 0.068700 ms)

AssetImportParameters requested are different than current active one (requested -> active):
  custom:graphics/normal-map-encoding: 01000000000000000000000000000000 -> 02000000000000000000000000000000
========================================================================
Received Import Request.
  Time since last request: 25.567307 seconds.
  path: Assets/Script/ButtonActive.cs
  artifactKey: Guid(0e2ea64c4d3bd3347a08948a62d5f0a8) Importer(815301076,1909f56bfc062723c751e8b465ee728b)
Start importing Assets/Script/ButtonActive.cs using Guid(0e2ea64c4d3bd3347a08948a62d5f0a8) Importer(815301076,1909f56bfc062723c751e8b465ee728b)  -> (artifact id: 'e1be2feab863893418b785f8a9b8fd51') in 0.008187 seconds
  Import took 0.011097 seconds .

========================================================================
Received Import Request.
  Time since last request: 4.996704 seconds.
  path: Assets/Script/ButtonActive_A.cs
  artifactKey: Guid(0e2ea64c4d3bd3347a08948a62d5f0a8) Importer(815301076,1909f56bfc062723c751e8b465ee728b)
Start importing Assets/Script/ButtonActive_A.cs using Guid(0e2ea64c4d3bd3347a08948a62d5f0a8) Importer(815301076,1909f56bfc062723c751e8b465ee728b)  -> (artifact id: 'b9a8c065ca6066c8eb08fad344e08bc2') in 0.007412 seconds
  Import took 0.010577 seconds .

========================================================================
Received Prepare
Registering precompiled user dll's ...
Registered in 0.001657 seconds.
Begin MonoManager ReloadAssembly
Native extension for WindowsStandalone target not found
Native extension for WebGL target not found
Refreshing native plugins compatible for Editor in 0.50 ms, found 3 plugins.
Preloading 1 native plugins for Editor in 0.07 ms.
Invoked RoslynAnalysisRunner static constructor.
RoslynAnalysisRunner will not be running.
RoslynAnalysisRunner has terminated.
NullReferenceException: Object reference not set to an instance of an object
  at Unity.XR.Oculus.OculusLoader.AssetPathToAbsolutePath (System.String assetPath) [0x00048] in C:\Users\DMC CONET\Downloads\Villian.ver6\Library\PackageCache\com.unity.xr.oculus@1.8.1\Runtime\OculusLoader.cs:243 
  at Unity.XR.Oculus.OculusLoader.EditorLoadOVRPlugin () [0x0007b] in C:\Users\DMC CONET\Downloads\Villian.ver6\Library\PackageCache\com.unity.xr.oculus@1.8.1\Runtime\OculusLoader.cs:228 

(Filename: C:/Users/DMC CONET/Downloads/Villian.ver6/Library/PackageCache/com.unity.xr.oculus@1.8.1/Runtime/OculusLoader.cs Line: 243)

Mono: successfully reloaded assembly
- Completed reload, in  0.791 seconds
Platform modules already initialized, skipping
Switching build target platform(5) subTarget(0) extendedPlatform(0) -> platform(13) subTarget(524288) extendedPlatform(0)
Refreshing native plugins compatible for Editor in 0.50 ms, found 3 plugins.
Preloading 1 native plugins for Editor in 0.07 ms.
Unloading 1653 Unused Serialized files (Serialized files now loaded: 0)
System memory in use before: 163.1 MB.
System memory in use after: 163.2 MB.

Unloading 6 unused Assets to reduce memory usage. Loaded Objects now: 2170.
Total: 2.072700 ms (FindLiveObjects: 0.176300 ms CreateObjectMapping: 0.044200 ms MarkObjects: 1.754800 ms  DeleteObjects: 0.096600 ms)

AssetImportParameters requested are different than current active one (requested -> active):
  custom:graphics/normal-map-encoding: 01000000000000000000000000000000 -> 02000000000000000000000000000000
========================================================================
Received Prepare
Registering precompiled user dll's ...
Registered in 0.001594 seconds.
Begin MonoManager ReloadAssembly
Native extension for WindowsStandalone target not found
Native extension for WebGL target not found
Refreshing native plugins compatible for Editor in 0.49 ms, found 3 plugins.
Preloading 1 native plugins for Editor in 0.08 ms.
Invoked RoslynAnalysisRunner static constructor.
RoslynAnalysisRunner will not be running.
RoslynAnalysisRunner has terminated.
NullReferenceException: Object reference not set to an instance of an object
  at Unity.XR.Oculus.OculusLoader.AssetPathToAbsolutePath (System.String assetPath) [0x00048] in C:\Users\DMC CONET\Downloads\Villian.ver6\Library\PackageCache\com.unity.xr.oculus@1.8.1\Runtime\OculusLoader.cs:243 
  at Unity.XR.Oculus.OculusLoader.EditorLoadOVRPlugin () [0x0007b] in C:\Users\DMC CONET\Downloads\Villian.ver6\Library\PackageCache\com.unity.xr.oculus@1.8.1\Runtime\OculusLoader.cs:228 

(Filename: C:/Users/DMC CONET/Downloads/Villian.ver6/Library/PackageCache/com.unity.xr.oculus@1.8.1/Runtime/OculusLoader.cs Line: 243)

Mono: successfully reloaded assembly
- Completed reload, in  0.803 seconds
Platform modules already initialized, skipping
Switching build target platform(5) subTarget(0) extendedPlatform(0) -> platform(13) subTarget(524288) extendedPlatform(0)
Refreshing native plugins compatible for Editor in 0.53 ms, found 3 plugins.
Preloading 1 native plugins for Editor in 0.07 ms.
Unloading 1653 Unused Serialized files (Serialized files now loaded: 0)
System memory in use before: 163.2 MB.
System memory in use after: 163.2 MB.

Unloading 6 unused Assets to reduce memory usage. Loaded Objects now: 2174.
Total: 2.328900 ms (FindLiveObjects: 0.330300 ms CreateObjectMapping: 0.078100 ms MarkObjects: 1.837300 ms  DeleteObjects: 0.081100 ms)

AssetImportParameters requested are different than current active one (requested -> active):
  custom:graphics/normal-map-encoding: 01000000000000000000000000000000 -> 02000000000000000000000000000000
========================================================================
Received Import Request.
  Time since last request: 15.362375 seconds.
  path: Assets/Script/ChangeScene.cs
  artifactKey: Guid(696b0f1df543a3d47bb93f57f4ba8ad3) Importer(815301076,1909f56bfc062723c751e8b465ee728b)
Start importing Assets/Script/ChangeScene.cs using Guid(696b0f1df543a3d47bb93f57f4ba8ad3) Importer(815301076,1909f56bfc062723c751e8b465ee728b)  -> (artifact id: '904364ac96146a29f2892d76112fdfd4') in 0.007318 seconds
  Import took 0.010127 seconds .

========================================================================
Received Import Request.
  Time since last request: 0.639606 seconds.
  path: Assets/Script/ChangeScene.cs
  artifactKey: Guid(696b0f1df543a3d47bb93f57f4ba8ad3) Importer(815301076,1909f56bfc062723c751e8b465ee728b)
Start importing Assets/Script/ChangeScene.cs using Guid(696b0f1df543a3d47bb93f57f4ba8ad3) Importer(815301076,1909f56bfc062723c751e8b465ee728b)  -> (artifact id: '904364ac96146a29f2892d76112fdfd4') in 0.002221 seconds
  Import took 0.004970 seconds .

========================================================================
Received Import Request.
  Time since last request: 3.105830 seconds.
  path: Assets/Script/ChangeScene_A.cs
  artifactKey: Guid(696b0f1df543a3d47bb93f57f4ba8ad3) Importer(815301076,1909f56bfc062723c751e8b465ee728b)
Start importing Assets/Script/ChangeScene_A.cs using Guid(696b0f1df543a3d47bb93f57f4ba8ad3) Importer(815301076,1909f56bfc062723c751e8b465ee728b)  -> (artifact id: '733c0a0f29bece58187ec5cf2c0348b4') in 0.006740 seconds
  Import took 0.009473 seconds .

========================================================================
Received Prepare
Registering precompiled user dll's ...
Registered in 0.001998 seconds.
Begin MonoManager ReloadAssembly
Native extension for WindowsStandalone target not found
Native extension for WebGL target not found
Refreshing native plugins compatible for Editor in 0.58 ms, found 3 plugins.
Preloading 1 native plugins for Editor in 0.11 ms.
Invoked RoslynAnalysisRunner static constructor.
RoslynAnalysisRunner will not be running.
RoslynAnalysisRunner has terminated.
NullReferenceException: Object reference not set to an instance of an object
  at Unity.XR.Oculus.OculusLoader.AssetPathToAbsolutePath (System.String assetPath) [0x00048] in C:\Users\DMC CONET\Downloads\Villian.ver6\Library\PackageCache\com.unity.xr.oculus@1.8.1\Runtime\OculusLoader.cs:243 
  at Unity.XR.Oculus.OculusLoader.EditorLoadOVRPlugin () [0x0007b] in C:\Users\DMC CONET\Downloads\Villian.ver6\Library\PackageCache\com.unity.xr.oculus@1.8.1\Runtime\OculusLoader.cs:228 

(Filename: C:/Users/DMC CONET/Downloads/Villian.ver6/Library/PackageCache/com.unity.xr.oculus@1.8.1/Runtime/OculusLoader.cs Line: 243)

Mono: successfully reloaded assembly
- Completed reload, in  0.793 seconds
Platform modules already initialized, skipping
Switching build target platform(5) subTarget(0) extendedPlatform(0) -> platform(13) subTarget(524288) extendedPlatform(0)
Refreshing native plugins compatible for Editor in 0.51 ms, found 3 plugins.
Preloading 1 native plugins for Editor in 0.07 ms.
Unloading 1653 Unused Serialized files (Serialized files now loaded: 0)
System memory in use before: 163.2 MB.
System memory in use after: 163.2 MB.

Unloading 6 unused Assets to reduce memory usage. Loaded Objects now: 2178.
Total: 1.751600 ms (FindLiveObjects: 0.170400 ms CreateObjectMapping: 0.044900 ms MarkObjects: 1.484300 ms  DeleteObjects: 0.051200 ms)

AssetImportParameters requested are different than current active one (requested -> active):
  custom:graphics/normal-map-encoding: 01000000000000000000000000000000 -> 02000000000000000000000000000000
========================================================================
Received Import Request.
  Time since last request: 3.530740 seconds.
  path: Assets/Script/CustomController_A.cs
  artifactKey: Guid(0cf32a10c325bdd4aab896c8c4cbf770) Importer(815301076,1909f56bfc062723c751e8b465ee728b)
Start importing Assets/Script/CustomController_A.cs using Guid(0cf32a10c325bdd4aab896c8c4cbf770) Importer(815301076,1909f56bfc062723c751e8b465ee728b)  -> (artifact id: '6be52543a8651b60188e39fae3fe5301') in 0.007696 seconds
  Import took 0.010350 seconds .

========================================================================
Received Prepare
Registering precompiled user dll's ...
Registered in 0.001710 seconds.
Begin MonoManager ReloadAssembly
Native extension for WindowsStandalone target not found
Native extension for WebGL target not found
Refreshing native plugins compatible for Editor in 0.52 ms, found 3 plugins.
Preloading 1 native plugins for Editor in 0.07 ms.
Invoked RoslynAnalysisRunner static constructor.
RoslynAnalysisRunner will not be running.
RoslynAnalysisRunner has terminated.
NullReferenceException: Object reference not set to an instance of an object
  at Unity.XR.Oculus.OculusLoader.AssetPathToAbsolutePath (System.String assetPath) [0x00048] in C:\Users\DMC CONET\Downloads\Villian.ver6\Library\PackageCache\com.unity.xr.oculus@1.8.1\Runtime\OculusLoader.cs:243 
  at Unity.XR.Oculus.OculusLoader.EditorLoadOVRPlugin () [0x0007b] in C:\Users\DMC CONET\Downloads\Villian.ver6\Library\PackageCache\com.unity.xr.oculus@1.8.1\Runtime\OculusLoader.cs:228 

(Filename: C:/Users/DMC CONET/Downloads/Villian.ver6/Library/PackageCache/com.unity.xr.oculus@1.8.1/Runtime/OculusLoader.cs Line: 243)

Mono: successfully reloaded assembly
- Completed reload, in  0.818 seconds
Platform modules already initialized, skipping
Switching build target platform(5) subTarget(0) extendedPlatform(0) -> platform(13) subTarget(524288) extendedPlatform(0)
Refreshing native plugins compatible for Editor in 0.53 ms, found 3 plugins.
Preloading 1 native plugins for Editor in 0.07 ms.
Unloading 1653 Unused Serialized files (Serialized files now loaded: 0)
System memory in use before: 163.2 MB.
System memory in use after: 163.3 MB.

Unloading 6 unused Assets to reduce memory usage. Loaded Objects now: 2182.
Total: 1.919100 ms (FindLiveObjects: 0.232700 ms CreateObjectMapping: 0.048600 ms MarkObjects: 1.564400 ms  DeleteObjects: 0.072500 ms)

AssetImportParameters requested are different than current active one (requested -> active):
  custom:graphics/normal-map-encoding: 01000000000000000000000000000000 -> 02000000000000000000000000000000
========================================================================
Received Import Request.
  Time since last request: 11.208104 seconds.
  path: Assets/Script/DialogActive.cs
  artifactKey: Guid(926804b1861ee15449e1576040f942a7) Importer(815301076,1909f56bfc062723c751e8b465ee728b)
Start importing Assets/Script/DialogActive.cs using Guid(926804b1861ee15449e1576040f942a7) Importer(815301076,1909f56bfc062723c751e8b465ee728b)  -> (artifact id: '0efa4fb3633b204115d6d9ac367c5c42') in 0.008018 seconds
  Import took 0.011002 seconds .

========================================================================
Received Import Request.
  Time since last request: 0.644645 seconds.
  path: Assets/Script/DialogActive.cs
  artifactKey: Guid(926804b1861ee15449e1576040f942a7) Importer(815301076,1909f56bfc062723c751e8b465ee728b)
Start importing Assets/Script/DialogActive.cs using Guid(926804b1861ee15449e1576040f942a7) Importer(815301076,1909f56bfc062723c751e8b465ee728b)  -> (artifact id: '0efa4fb3633b204115d6d9ac367c5c42') in 0.002011 seconds
  Import took 0.004556 seconds .

========================================================================
Received Import Request.
  Time since last request: 3.249086 seconds.
  path: Assets/Script/DialogActive_A.cs
  artifactKey: Guid(926804b1861ee15449e1576040f942a7) Importer(815301076,1909f56bfc062723c751e8b465ee728b)
Start importing Assets/Script/DialogActive_A.cs using Guid(926804b1861ee15449e1576040f942a7) Importer(815301076,1909f56bfc062723c751e8b465ee728b)  -> (artifact id: '950647c0a4ed168b4e004ba43f5b1f1c') in 0.006226 seconds
  Import took 0.008964 seconds .

========================================================================
Received Prepare
Registering precompiled user dll's ...
Registered in 0.001585 seconds.
Begin MonoManager ReloadAssembly
Native extension for WindowsStandalone target not found
Native extension for WebGL target not found
Refreshing native plugins compatible for Editor in 0.53 ms, found 3 plugins.
Preloading 1 native plugins for Editor in 0.09 ms.
Invoked RoslynAnalysisRunner static constructor.
RoslynAnalysisRunner will not be running.
RoslynAnalysisRunner has terminated.
NullReferenceException: Object reference not set to an instance of an object
  at Unity.XR.Oculus.OculusLoader.AssetPathToAbsolutePath (System.String assetPath) [0x00048] in C:\Users\DMC CONET\Downloads\Villian.ver6\Library\PackageCache\com.unity.xr.oculus@1.8.1\Runtime\OculusLoader.cs:243 
  at Unity.XR.Oculus.OculusLoader.EditorLoadOVRPlugin () [0x0007b] in C:\Users\DMC CONET\Downloads\Villian.ver6\Library\PackageCache\com.unity.xr.oculus@1.8.1\Runtime\OculusLoader.cs:228 

(Filename: C:/Users/DMC CONET/Downloads/Villian.ver6/Library/PackageCache/com.unity.xr.oculus@1.8.1/Runtime/OculusLoader.cs Line: 243)

Mono: successfully reloaded assembly
- Completed reload, in  0.807 seconds
Platform modules already initialized, skipping
Switching build target platform(5) subTarget(0) extendedPlatform(0) -> platform(13) subTarget(524288) extendedPlatform(0)
Refreshing native plugins compatible for Editor in 0.53 ms, found 3 plugins.
Preloading 1 native plugins for Editor in 0.07 ms.
Unloading 1653 Unused Serialized files (Serialized files now loaded: 0)
System memory in use before: 163.2 MB.
System memory in use after: 163.3 MB.

Unloading 6 unused Assets to reduce memory usage. Loaded Objects now: 2186.
Total: 2.406300 ms (FindLiveObjects: 0.262400 ms CreateObjectMapping: 0.065900 ms MarkObjects: 2.003000 ms  DeleteObjects: 0.073300 ms)

AssetImportParameters requested are different than current active one (requested -> active):
  custom:graphics/normal-map-encoding: 01000000000000000000000000000000 -> 02000000000000000000000000000000
========================================================================
Received Prepare
Registering precompiled user dll's ...
Registered in 0.001921 seconds.
Begin MonoManager ReloadAssembly
Native extension for WindowsStandalone target not found
Native extension for WebGL target not found
Refreshing native plugins compatible for Editor in 0.50 ms, found 3 plugins.
Preloading 1 native plugins for Editor in 0.08 ms.
Invoked RoslynAnalysisRunner static constructor.
RoslynAnalysisRunner will not be running.
RoslynAnalysisRunner has terminated.
NullReferenceException: Object reference not set to an instance of an object
  at Unity.XR.Oculus.OculusLoader.AssetPathToAbsolutePath (System.String assetPath) [0x00048] in C:\Users\DMC CONET\Downloads\Villian.ver6\Library\PackageCache\com.unity.xr.oculus@1.8.1\Runtime\OculusLoader.cs:243 
  at Unity.XR.Oculus.OculusLoader.EditorLoadOVRPlugin () [0x0007b] in C:\Users\DMC CONET\Downloads\Villian.ver6\Library\PackageCache\com.unity.xr.oculus@1.8.1\Runtime\OculusLoader.cs:228 

(Filename: C:/Users/DMC CONET/Downloads/Villian.ver6/Library/PackageCache/com.unity.xr.oculus@1.8.1/Runtime/OculusLoader.cs Line: 243)

Mono: successfully reloaded assembly
- Completed reload, in  0.825 seconds
Platform modules already initialized, skipping
Switching build target platform(5) subTarget(0) extendedPlatform(0) -> platform(13) subTarget(524288) extendedPlatform(0)
Refreshing native plugins compatible for Editor in 0.51 ms, found 3 plugins.
Preloading 1 native plugins for Editor in 0.07 ms.
Unloading 1653 Unused Serialized files (Serialized files now loaded: 0)
System memory in use before: 163.2 MB.
System memory in use after: 163.3 MB.

Unloading 6 unused Assets to reduce memory usage. Loaded Objects now: 2190.
Total: 1.790700 ms (FindLiveObjects: 0.173700 ms CreateObjectMapping: 0.049100 ms MarkObjects: 1.510300 ms  DeleteObjects: 0.056800 ms)

AssetImportParameters requested are different than current active one (requested -> active):
  custom:graphics/normal-map-encoding: 01000000000000000000000000000000 -> 02000000000000000000000000000000
========================================================================
Received Import Request.
  Time since last request: 20.842550 seconds.
  path: Assets/Script/DontDestroyItem.cs
  artifactKey: Guid(bdf47544e75c2b64cbf1131a16788dd7) Importer(815301076,1909f56bfc062723c751e8b465ee728b)
Start importing Assets/Script/DontDestroyItem.cs using Guid(bdf47544e75c2b64cbf1131a16788dd7) Importer(815301076,1909f56bfc062723c751e8b465ee728b)  -> (artifact id: '61fa8d07d0054ef7e1cfce2fb29bec5b') in 0.008162 seconds
  Import took 0.010765 seconds .

========================================================================
Received Import Request.
  Time since last request: 5.415554 seconds.
  path: Assets/Script/DontDestroyItem_A.cs
  artifactKey: Guid(bdf47544e75c2b64cbf1131a16788dd7) Importer(815301076,1909f56bfc062723c751e8b465ee728b)
Start importing Assets/Script/DontDestroyItem_A.cs using Guid(bdf47544e75c2b64cbf1131a16788dd7) Importer(815301076,1909f56bfc062723c751e8b465ee728b)  -> (artifact id: '4741ddb5b54be9bd86957325286bb2a6') in 0.007309 seconds
  Import took 0.010167 seconds .

========================================================================
Received Prepare
Registering precompiled user dll's ...
Registered in 0.001645 seconds.
Begin MonoManager ReloadAssembly
Native extension for WindowsStandalone target not found
Native extension for WebGL target not found
Refreshing native plugins compatible for Editor in 0.59 ms, found 3 plugins.
Preloading 1 native plugins for Editor in 0.10 ms.
Invoked RoslynAnalysisRunner static constructor.
RoslynAnalysisRunner will not be running.
RoslynAnalysisRunner has terminated.
NullReferenceException: Object reference not set to an instance of an object
  at Unity.XR.Oculus.OculusLoader.AssetPathToAbsolutePath (System.String assetPath) [0x00048] in C:\Users\DMC CONET\Downloads\Villian.ver6\Library\PackageCache\com.unity.xr.oculus@1.8.1\Runtime\OculusLoader.cs:243 
  at Unity.XR.Oculus.OculusLoader.EditorLoadOVRPlugin () [0x0007b] in C:\Users\DMC CONET\Downloads\Villian.ver6\Library\PackageCache\com.unity.xr.oculus@1.8.1\Runtime\OculusLoader.cs:228 

(Filename: C:/Users/DMC CONET/Downloads/Villian.ver6/Library/PackageCache/com.unity.xr.oculus@1.8.1/Runtime/OculusLoader.cs Line: 243)

Mono: successfully reloaded assembly
- Completed reload, in  0.848 seconds
Platform modules already initialized, skipping
Switching build target platform(5) subTarget(0) extendedPlatform(0) -> platform(13) subTarget(524288) extendedPlatform(0)
Refreshing native plugins compatible for Editor in 0.50 ms, found 3 plugins.
Preloading 1 native plugins for Editor in 0.07 ms.
Unloading 1653 Unused Serialized files (Serialized files now loaded: 0)
System memory in use before: 163.2 MB.
System memory in use after: 163.3 MB.

Unloading 6 unused Assets to reduce memory usage. Loaded Objects now: 2194.
Total: 1.998700 ms (FindLiveObjects: 0.194600 ms CreateObjectMapping: 0.058400 ms MarkObjects: 1.683100 ms  DeleteObjects: 0.062000 ms)

AssetImportParameters requested are different than current active one (requested -> active):
  custom:graphics/normal-map-encoding: 01000000000000000000000000000000 -> 02000000000000000000000000000000
========================================================================
Received Prepare
Registering precompiled user dll's ...
Registered in 0.001756 seconds.
Begin MonoManager ReloadAssembly
Native extension for WindowsStandalone target not found
Native extension for WebGL target not found
Refreshing native plugins compatible for Editor in 0.57 ms, found 3 plugins.
Preloading 1 native plugins for Editor in 0.08 ms.
Invoked RoslynAnalysisRunner static constructor.
RoslynAnalysisRunner will not be running.
RoslynAnalysisRunner has terminated.
NullReferenceException: Object reference not set to an instance of an object
  at Unity.XR.Oculus.OculusLoader.AssetPathToAbsolutePath (System.String assetPath) [0x00048] in C:\Users\DMC CONET\Downloads\Villian.ver6\Library\PackageCache\com.unity.xr.oculus@1.8.1\Runtime\OculusLoader.cs:243 
  at Unity.XR.Oculus.OculusLoader.EditorLoadOVRPlugin () [0x0007b] in C:\Users\DMC CONET\Downloads\Villian.ver6\Library\PackageCache\com.unity.xr.oculus@1.8.1\Runtime\OculusLoader.cs:228 

(Filename: C:/Users/DMC CONET/Downloads/Villian.ver6/Library/PackageCache/com.unity.xr.oculus@1.8.1/Runtime/OculusLoader.cs Line: 243)

Mono: successfully reloaded assembly
- Completed reload, in  0.822 seconds
Platform modules already initialized, skipping
Switching build target platform(5) subTarget(0) extendedPlatform(0) -> platform(13) subTarget(524288) extendedPlatform(0)
Refreshing native plugins compatible for Editor in 0.59 ms, found 3 plugins.
Preloading 1 native plugins for Editor in 0.07 ms.
Unloading 1653 Unused Serialized files (Serialized files now loaded: 0)
System memory in use before: 163.2 MB.
System memory in use after: 163.3 MB.

Unloading 6 unused Assets to reduce memory usage. Loaded Objects now: 2198.
Total: 1.814300 ms (FindLiveObjects: 0.206600 ms CreateObjectMapping: 0.050000 ms MarkObjects: 1.496000 ms  DeleteObjects: 0.060500 ms)

AssetImportParameters requested are different than current active one (requested -> active):
  custom:graphics/normal-map-encoding: 01000000000000000000000000000000 -> 02000000000000000000000000000000
========================================================================
Received Import Request.
  Time since last request: 12.055292 seconds.
  path: Assets/Script/TestCreateItem.cs
  artifactKey: Guid(59ffa036dde19284d9c05b5cfe5a40cc) Importer(815301076,1909f56bfc062723c751e8b465ee728b)
Start importing Assets/Script/TestCreateItem.cs using Guid(59ffa036dde19284d9c05b5cfe5a40cc) Importer(815301076,1909f56bfc062723c751e8b465ee728b)  -> (artifact id: '79629dbfdbf44c847634b719f4123641') in 0.007386 seconds
  Import took 0.009998 seconds .

========================================================================
Received Import Request.
  Time since last request: 8.785632 seconds.
  path: Assets/Script/TestCreateItem_A.cs
  artifactKey: Guid(59ffa036dde19284d9c05b5cfe5a40cc) Importer(815301076,1909f56bfc062723c751e8b465ee728b)
Start importing Assets/Script/TestCreateItem_A.cs using Guid(59ffa036dde19284d9c05b5cfe5a40cc) Importer(815301076,1909f56bfc062723c751e8b465ee728b)  -> (artifact id: '5e800c299e91b60af80e60617d0e8fab') in 0.006250 seconds
  Import took 0.009093 seconds .

========================================================================
Received Prepare
Registering precompiled user dll's ...
Registered in 0.001589 seconds.
Begin MonoManager ReloadAssembly
Native extension for WindowsStandalone target not found
Native extension for WebGL target not found
Refreshing native plugins compatible for Editor in 0.52 ms, found 3 plugins.
Preloading 1 native plugins for Editor in 0.07 ms.
Invoked RoslynAnalysisRunner static constructor.
RoslynAnalysisRunner will not be running.
RoslynAnalysisRunner has terminated.
NullReferenceException: Object reference not set to an instance of an object
  at Unity.XR.Oculus.OculusLoader.AssetPathToAbsolutePath (System.String assetPath) [0x00048] in C:\Users\DMC CONET\Downloads\Villian.ver6\Library\PackageCache\com.unity.xr.oculus@1.8.1\Runtime\OculusLoader.cs:243 
  at Unity.XR.Oculus.OculusLoader.EditorLoadOVRPlugin () [0x0007b] in C:\Users\DMC CONET\Downloads\Villian.ver6\Library\PackageCache\com.unity.xr.oculus@1.8.1\Runtime\OculusLoader.cs:228 

(Filename: C:/Users/DMC CONET/Downloads/Villian.ver6/Library/PackageCache/com.unity.xr.oculus@1.8.1/Runtime/OculusLoader.cs Line: 243)

Mono: successfully reloaded assembly
- Completed reload, in  0.835 seconds
Platform modules already initialized, skipping
Switching build target platform(5) subTarget(0) extendedPlatform(0) -> platform(13) subTarget(524288) extendedPlatform(0)
Refreshing native plugins compatible for Editor in 0.52 ms, found 3 plugins.
Preloading 1 native plugins for Editor in 0.07 ms.
Unloading 1653 Unused Serialized files (Serialized files now loaded: 0)
System memory in use before: 163.2 MB.
System memory in use after: 163.3 MB.

Unloading 6 unused Assets to reduce memory usage. Loaded Objects now: 2202.
Total: 1.820800 ms (FindLiveObjects: 0.180800 ms CreateObjectMapping: 0.052800 ms MarkObjects: 1.519300 ms  DeleteObjects: 0.066700 ms)

AssetImportParameters requested are different than current active one (requested -> active):
  custom:graphics/normal-map-encoding: 01000000000000000000000000000000 -> 02000000000000000000000000000000
========================================================================
Received Import Request.
  Time since last request: 14.516028 seconds.
  path: Assets/Script/TimeAttack_A.cs
  artifactKey: Guid(034d5fedeef31464f8a7e719b390ed77) Importer(815301076,1909f56bfc062723c751e8b465ee728b)
Start importing Assets/Script/TimeAttack_A.cs using Guid(034d5fedeef31464f8a7e719b390ed77) Importer(815301076,1909f56bfc062723c751e8b465ee728b)  -> (artifact id: '2ec2baa2d2ea995805d4f34f6676a68b') in 0.009183 seconds
  Import took 0.012331 seconds .

========================================================================
Received Prepare
Registering precompiled user dll's ...
Registered in 0.001635 seconds.
Begin MonoManager ReloadAssembly
Native extension for WindowsStandalone target not found
Native extension for WebGL target not found
Refreshing native plugins compatible for Editor in 0.54 ms, found 3 plugins.
Preloading 1 native plugins for Editor in 0.08 ms.
Invoked RoslynAnalysisRunner static constructor.
RoslynAnalysisRunner will not be running.
RoslynAnalysisRunner has terminated.
NullReferenceException: Object reference not set to an instance of an object
  at Unity.XR.Oculus.OculusLoader.AssetPathToAbsolutePath (System.String assetPath) [0x00048] in C:\Users\DMC CONET\Downloads\Villian.ver6\Library\PackageCache\com.unity.xr.oculus@1.8.1\Runtime\OculusLoader.cs:243 
  at Unity.XR.Oculus.OculusLoader.EditorLoadOVRPlugin () [0x0007b] in C:\Users\DMC CONET\Downloads\Villian.ver6\Library\PackageCache\com.unity.xr.oculus@1.8.1\Runtime\OculusLoader.cs:228 

(Filename: C:/Users/DMC CONET/Downloads/Villian.ver6/Library/PackageCache/com.unity.xr.oculus@1.8.1/Runtime/OculusLoader.cs Line: 243)

Mono: successfully reloaded assembly
- Completed reload, in  0.842 seconds
Platform modules already initialized, skipping
Switching build target platform(5) subTarget(0) extendedPlatform(0) -> platform(13) subTarget(524288) extendedPlatform(0)
Refreshing native plugins compatible for Editor in 0.59 ms, found 3 plugins.
Preloading 1 native plugins for Editor in 0.08 ms.
Unloading 1653 Unused Serialized files (Serialized files now loaded: 0)
System memory in use before: 163.2 MB.
System memory in use after: 163.3 MB.

Unloading 6 unused Assets to reduce memory usage. Loaded Objects now: 2206.
Total: 2.481600 ms (FindLiveObjects: 0.350600 ms CreateObjectMapping: 0.087200 ms MarkObjects: 1.967600 ms  DeleteObjects: 0.074600 ms)

AssetImportParameters requested are different than current active one (requested -> active):
  custom:graphics/normal-map-encoding: 01000000000000000000000000000000 -> 02000000000000000000000000000000
========================================================================
Received Prepare
Registering precompiled user dll's ...
Registered in 0.001563 seconds.
Begin MonoManager ReloadAssembly
Native extension for WindowsStandalone target not found
Native extension for WebGL target not found
Refreshing native plugins compatible for Editor in 0.56 ms, found 3 plugins.
Preloading 1 native plugins for Editor in 0.08 ms.
Invoked RoslynAnalysisRunner static constructor.
RoslynAnalysisRunner will not be running.
RoslynAnalysisRunner has terminated.
NullReferenceException: Object reference not set to an instance of an object
  at Unity.XR.Oculus.OculusLoader.AssetPathToAbsolutePath (System.String assetPath) [0x00048] in C:\Users\DMC CONET\Downloads\Villian.ver6\Library\PackageCache\com.unity.xr.oculus@1.8.1\Runtime\OculusLoader.cs:243 
  at Unity.XR.Oculus.OculusLoader.EditorLoadOVRPlugin () [0x0007b] in C:\Users\DMC CONET\Downloads\Villian.ver6\Library\PackageCache\com.unity.xr.oculus@1.8.1\Runtime\OculusLoader.cs:228 

(Filename: C:/Users/DMC CONET/Downloads/Villian.ver6/Library/PackageCache/com.unity.xr.oculus@1.8.1/Runtime/OculusLoader.cs Line: 243)

Mono: successfully reloaded assembly
- Completed reload, in  0.859 seconds
Platform modules already initialized, skipping
Switching build target platform(5) subTarget(0) extendedPlatform(0) -> platform(13) subTarget(524288) extendedPlatform(0)
Refreshing native plugins compatible for Editor in 0.52 ms, found 3 plugins.
Preloading 1 native plugins for Editor in 0.07 ms.
Unloading 1654 Unused Serialized files (Serialized files now loaded: 0)
System memory in use before: 163.3 MB.
System memory in use after: 163.3 MB.

Unloading 6 unused Assets to reduce memory usage. Loaded Objects now: 2211.
Total: 1.930900 ms (FindLiveObjects: 0.214300 ms CreateObjectMapping: 0.057700 ms MarkObjects: 1.598300 ms  DeleteObjects: 0.059300 ms)

AssetImportParameters requested are different than current active one (requested -> active):
  custom:graphics/normal-map-encoding: 01000000000000000000000000000000 -> 02000000000000000000000000000000
========================================================================
Received Prepare
Registering precompiled user dll's ...
Registered in 0.001627 seconds.
Begin MonoManager ReloadAssembly
Native extension for WindowsStandalone target not found
Native extension for WebGL target not found
Refreshing native plugins compatible for Editor in 0.50 ms, found 3 plugins.
Preloading 1 native plugins for Editor in 0.08 ms.
Invoked RoslynAnalysisRunner static constructor.
RoslynAnalysisRunner will not be running.
RoslynAnalysisRunner has terminated.
NullReferenceException: Object reference not set to an instance of an object
  at Unity.XR.Oculus.OculusLoader.AssetPathToAbsolutePath (System.String assetPath) [0x00048] in C:\Users\DMC CONET\Downloads\Villian.ver6\Library\PackageCache\com.unity.xr.oculus@1.8.1\Runtime\OculusLoader.cs:243 
  at Unity.XR.Oculus.OculusLoader.EditorLoadOVRPlugin () [0x0007b] in C:\Users\DMC CONET\Downloads\Villian.ver6\Library\PackageCache\com.unity.xr.oculus@1.8.1\Runtime\OculusLoader.cs:228 

(Filename: C:/Users/DMC CONET/Downloads/Villian.ver6/Library/PackageCache/com.unity.xr.oculus@1.8.1/Runtime/OculusLoader.cs Line: 243)

Mono: successfully reloaded assembly
- Completed reload, in  0.849 seconds
Platform modules already initialized, skipping
Switching build target platform(5) subTarget(0) extendedPlatform(0) -> platform(13) subTarget(524288) extendedPlatform(0)
Refreshing native plugins compatible for Editor in 0.50 ms, found 3 plugins.
Preloading 1 native plugins for Editor in 0.07 ms.
Unloading 1654 Unused Serialized files (Serialized files now loaded: 0)
System memory in use before: 163.3 MB.
System memory in use after: 163.4 MB.

Unloading 6 unused Assets to reduce memory usage. Loaded Objects now: 2215.
Total: 2.444200 ms (FindLiveObjects: 0.240100 ms CreateObjectMapping: 0.078500 ms MarkObjects: 2.057000 ms  DeleteObjects: 0.067500 ms)

AssetImportParameters requested are different than current active one (requested -> active):
  custom:graphics/normal-map-encoding: 01000000000000000000000000000000 -> 02000000000000000000000000000000
========================================================================
Received Import Request.
  Time since last request: 91.355155 seconds.
  path: Assets/SubTitle2 1.png
  artifactKey: Guid(7eca7c730f3024843b7763fd76814178) Importer(815301076,1909f56bfc062723c751e8b465ee728b)
Start importing Assets/SubTitle2 1.png using Guid(7eca7c730f3024843b7763fd76814178) Importer(815301076,1909f56bfc062723c751e8b465ee728b)  -> (artifact id: 'b7c5eb905fe1420c4939385becab6ec4') in 0.048397 seconds
  Import took 0.051044 seconds .

========================================================================
Received Import Request.
  Time since last request: 3.737099 seconds.
  path: Assets/SubTitle2.png
  artifactKey: Guid(7db12304b12e7c241bd416da72bc7605) Importer(815301076,1909f56bfc062723c751e8b465ee728b)
Start importing Assets/SubTitle2.png using Guid(7db12304b12e7c241bd416da72bc7605) Importer(815301076,1909f56bfc062723c751e8b465ee728b)  -> (artifact id: 'a6069c3d3a8f44e2c44275e86c527387') in 0.016334 seconds
  Import took 0.019052 seconds .

========================================================================
Received Import Request.
  Time since last request: 11.373791 seconds.
  path: Assets/SubTitle2.png
  artifactKey: Guid(7db12304b12e7c241bd416da72bc7605) Importer(815301076,1909f56bfc062723c751e8b465ee728b)
Start importing Assets/SubTitle2.png using Guid(7db12304b12e7c241bd416da72bc7605) Importer(815301076,1909f56bfc062723c751e8b465ee728b)  -> (artifact id: '14f55f8153fc42e101f793ec26d05582') in 0.042349 seconds
  Import took 0.044954 seconds .

========================================================================
Received Import Request.
  Time since last request: 281.403468 seconds.
  path: Assets/Inguz Media Studio/The Beautiful Portals VFX/Materials/Spiral_01.mat
  artifactKey: Guid(d9bccfc7df3544630bd5986f06dd27e4) Importer(815301076,1909f56bfc062723c751e8b465ee728b)
Start importing Assets/Inguz Media Studio/The Beautiful Portals VFX/Materials/Spiral_01.mat using Guid(d9bccfc7df3544630bd5986f06dd27e4) Importer(815301076,1909f56bfc062723c751e8b465ee728b)  -> (artifact id: '0f41b0b69a1faaa725537263f29e310a') in 0.056611 seconds
  Import took 0.059892 seconds .

========================================================================
Received Prepare
Registering precompiled user dll's ...
Registered in 0.001638 seconds.
Begin MonoManager ReloadAssembly
Native extension for WindowsStandalone target not found
Native extension for WebGL target not found
Refreshing native plugins compatible for Editor in 0.50 ms, found 3 plugins.
Preloading 1 native plugins for Editor in 0.08 ms.
Invoked RoslynAnalysisRunner static constructor.
RoslynAnalysisRunner will not be running.
RoslynAnalysisRunner has terminated.
NullReferenceException: Object reference not set to an instance of an object
  at Unity.XR.Oculus.OculusLoader.AssetPathToAbsolutePath (System.String assetPath) [0x00048] in C:\Users\DMC CONET\Downloads\Villian.ver6\Library\PackageCache\com.unity.xr.oculus@1.8.1\Runtime\OculusLoader.cs:243 
  at Unity.XR.Oculus.OculusLoader.EditorLoadOVRPlugin () [0x0007b] in C:\Users\DMC CONET\Downloads\Villian.ver6\Library\PackageCache\com.unity.xr.oculus@1.8.1\Runtime\OculusLoader.cs:228 

(Filename: C:/Users/DMC CONET/Downloads/Villian.ver6/Library/PackageCache/com.unity.xr.oculus@1.8.1/Runtime/OculusLoader.cs Line: 243)

Mono: successfully reloaded assembly
- Completed reload, in  0.827 seconds
Platform modules already initialized, skipping
Switching build target platform(5) subTarget(0) extendedPlatform(0) -> platform(13) subTarget(524288) extendedPlatform(0)
Refreshing native plugins compatible for Editor in 0.50 ms, found 3 plugins.
Preloading 1 native plugins for Editor in 0.07 ms.
Unloading 1654 Unused Serialized files (Serialized files now loaded: 0)
System memory in use before: 166.6 MB.
System memory in use after: 166.7 MB.

Unloading 6 unused Assets to reduce memory usage. Loaded Objects now: 2263.
Total: 2.005600 ms (FindLiveObjects: 0.244800 ms CreateObjectMapping: 0.060900 ms MarkObjects: 1.601600 ms  DeleteObjects: 0.097500 ms)

AssetImportParameters requested are different than current active one (requested -> active):
  custom:graphics/normal-map-encoding: 01000000000000000000000000000000 -> 02000000000000000000000000000000
========================================================================
Received Import Request.
  Time since last request: 27.125873 seconds.
  path: Assets/Inguz Media Studio/The Beautiful Portals VFX/Materials/Shadow_01.mat
  artifactKey: Guid(da2b0d57ab5d04b4ab1662294d1bb860) Importer(815301076,1909f56bfc062723c751e8b465ee728b)
Start importing Assets/Inguz Media Studio/The Beautiful Portals VFX/Materials/Shadow_01.mat using Guid(da2b0d57ab5d04b4ab1662294d1bb860) Importer(815301076,1909f56bfc062723c751e8b465ee728b)  -> (artifact id: '62b85a75f9ea8bf1703a3ab11f93c044') in 0.071776 seconds
  Import took 0.075103 seconds .

========================================================================
Received Import Request.
  Time since last request: 14.280209 seconds.
  path: Assets/Inguz Media Studio/The Beautiful Portals VFX/Materials/Feather.mat
  artifactKey: Guid(ffda799b0fedd4f9bb9da330be0d6a7e) Importer(815301076,1909f56bfc062723c751e8b465ee728b)
Start importing Assets/Inguz Media Studio/The Beautiful Portals VFX/Materials/Feather.mat using Guid(ffda799b0fedd4f9bb9da330be0d6a7e) Importer(815301076,1909f56bfc062723c751e8b465ee728b)  -> (artifact id: 'a871f412b80903c7f847b5234b78a0a5') in 0.012591 seconds
  Import took 0.015396 seconds .

========================================================================
Received Import Request.
  Time since last request: 11.325043 seconds.
  path: Assets/Inguz Media Studio/The Beautiful Portals VFX/Mesh/Ring.fbx
  artifactKey: Guid(b69b25d4732fd4b38a4f0434115446ab) Importer(815301076,1909f56bfc062723c751e8b465ee728b)
Start importing Assets/Inguz Media Studio/The Beautiful Portals VFX/Mesh/Ring.fbx using Guid(b69b25d4732fd4b38a4f0434115446ab) Importer(815301076,1909f56bfc062723c751e8b465ee728b)  -> (artifact id: '741e29b1ff3d84909684e8d91a4974b3') in 0.061528 seconds
  Import took 0.064244 seconds .

========================================================================
Received Import Request.
  Time since last request: 13.026271 seconds.
  path: Assets/Inguz Media Studio/The Beautiful Portals VFX/Materials/Magic_ground_02.mat
  artifactKey: Guid(e55c7a6c26fc54000bc2eeb2e6564adb) Importer(815301076,1909f56bfc062723c751e8b465ee728b)
Start importing Assets/Inguz Media Studio/The Beautiful Portals VFX/Materials/Magic_ground_02.mat using Guid(e55c7a6c26fc54000bc2eeb2e6564adb) Importer(815301076,1909f56bfc062723c751e8b465ee728b)  -> (artifact id: '4f262a7b85ee2c7a7bbc257a7c568886') in 0.018282 seconds
  Import took 0.021122 seconds .

========================================================================
Received Prepare
Registering precompiled user dll's ...
Registered in 0.001457 seconds.
Begin MonoManager ReloadAssembly
Native extension for WindowsStandalone target not found
Native extension for WebGL target not found
Refreshing native plugins compatible for Editor in 0.57 ms, found 3 plugins.
Preloading 1 native plugins for Editor in 0.10 ms.
Invoked RoslynAnalysisRunner static constructor.
RoslynAnalysisRunner will not be running.
RoslynAnalysisRunner has terminated.
NullReferenceException: Object reference not set to an instance of an object
  at Unity.XR.Oculus.OculusLoader.AssetPathToAbsolutePath (System.String assetPath) [0x00048] in C:\Users\DMC CONET\Downloads\Villian.ver6\Library\PackageCache\com.unity.xr.oculus@1.8.1\Runtime\OculusLoader.cs:243 
  at Unity.XR.Oculus.OculusLoader.EditorLoadOVRPlugin () [0x0007b] in C:\Users\DMC CONET\Downloads\Villian.ver6\Library\PackageCache\com.unity.xr.oculus@1.8.1\Runtime\OculusLoader.cs:228 

(Filename: C:/Users/DMC CONET/Downloads/Villian.ver6/Library/PackageCache/com.unity.xr.oculus@1.8.1/Runtime/OculusLoader.cs Line: 243)

Mono: successfully reloaded assembly
- Completed reload, in  0.847 seconds
Platform modules already initialized, skipping
Switching build target platform(5) subTarget(0) extendedPlatform(0) -> platform(13) subTarget(524288) extendedPlatform(0)
Refreshing native plugins compatible for Editor in 0.51 ms, found 3 plugins.
Preloading 1 native plugins for Editor in 0.07 ms.
Unloading 1654 Unused Serialized files (Serialized files now loaded: 0)
System memory in use before: 166.8 MB.
System memory in use after: 166.8 MB.

Unloading 7 unused Assets to reduce memory usage. Loaded Objects now: 2271.
Total: 1.865300 ms (FindLiveObjects: 0.214500 ms CreateObjectMapping: 0.054000 ms MarkObjects: 1.539100 ms  DeleteObjects: 0.056600 ms)

AssetImportParameters requested are different than current active one (requested -> active):
  custom:graphics/normal-map-encoding: 01000000000000000000000000000000 -> 02000000000000000000000000000000
========================================================================
Received Prepare
Registering precompiled user dll's ...
Registered in 0.001500 seconds.
Begin MonoManager ReloadAssembly
Native extension for WindowsStandalone target not found
Native extension for WebGL target not found
Refreshing native plugins compatible for Editor in 0.51 ms, found 3 plugins.
Preloading 1 native plugins for Editor in 0.07 ms.
Invoked RoslynAnalysisRunner static constructor.
RoslynAnalysisRunner will not be running.
RoslynAnalysisRunner has terminated.
NullReferenceException: Object reference not set to an instance of an object
  at Unity.XR.Oculus.OculusLoader.AssetPathToAbsolutePath (System.String assetPath) [0x00048] in C:\Users\DMC CONET\Downloads\Villian.ver6\Library\PackageCache\com.unity.xr.oculus@1.8.1\Runtime\OculusLoader.cs:243 
  at Unity.XR.Oculus.OculusLoader.EditorLoadOVRPlugin () [0x0007b] in C:\Users\DMC CONET\Downloads\Villian.ver6\Library\PackageCache\com.unity.xr.oculus@1.8.1\Runtime\OculusLoader.cs:228 

(Filename: C:/Users/DMC CONET/Downloads/Villian.ver6/Library/PackageCache/com.unity.xr.oculus@1.8.1/Runtime/OculusLoader.cs Line: 243)

Mono: successfully reloaded assembly
- Completed reload, in  0.836 seconds
Platform modules already initialized, skipping
Switching build target platform(5) subTarget(0) extendedPlatform(0) -> platform(13) subTarget(524288) extendedPlatform(0)
Refreshing native plugins compatible for Editor in 0.51 ms, found 3 plugins.
Preloading 1 native plugins for Editor in 0.07 ms.
Unloading 1654 Unused Serialized files (Serialized files now loaded: 0)
System memory in use before: 166.7 MB.
System memory in use after: 166.8 MB.

Unloading 6 unused Assets to reduce memory usage. Loaded Objects now: 2275.
Total: 1.824300 ms (FindLiveObjects: 0.185900 ms CreateObjectMapping: 0.053100 ms MarkObjects: 1.522600 ms  DeleteObjects: 0.061700 ms)

AssetImportParameters requested are different than current active one (requested -> active):
  custom:graphics/normal-map-encoding: 01000000000000000000000000000000 -> 02000000000000000000000000000000
AssetImportWorkerClient::OnTransportError - code=2 error=End of file
